<?xml version="1.0" encoding="UTF-8"?>
<!-- Generated by org.testng.reporters.JUnitReportReporter -->
<testsuite hostname="DESKTOP-3NTUJ6F" failures="0" tests="1" name="alAssistance.TestCaseGenerator" time="5.647" errors="0" timestamp="2025-02-23T20:56:06 IST" skipped="0">
  <testcase classname="alAssistance.TestCaseGenerator" name="generateLoginTestCases" time="5.647"/>
  <system-out/>
</testsuite> <!-- alAssistance.TestCaseGenerator -->
