<?xml version="1.0" encoding="UTF-8"?>
<!-- Generated by org.testng.reporters.JUnitReportReporter -->
<testsuite hostname="DESKTOP-3NTUJ6F" failures="0" tests="1" name="com.workforceScheduler.tests.LoginTest" time="24.905" errors="0" timestamp="2025-02-23T11:48:50 IST" skipped="0">
  <testcase classname="com.workforceScheduler.tests.LoginTest" name="login" time="24.905"/>
  <system-out/>
</testsuite> <!-- com.workforceScheduler.tests.LoginTest -->
