<?xml version="1.0" encoding="UTF-8"?>
<!-- Generated by org.testng.reporters.JUnitReportReporter -->
<testsuite hostname="DESKTOP-3NTUJ6F" failures="0" tests="1" name="com.workforceScheduler.tests.Testset" time="0.023" errors="0" timestamp="2025-02-22T02:19:52 IST" skipped="0">
  <testcase classname="com.workforceScheduler.tests.Testset" name="testAddOrEditEmployee" time="0.023"/>
  <system-out/>
</testsuite> <!-- com.workforceScheduler.tests.Testset -->
