<?xml version="1.0" encoding="UTF-8"?>
<!-- Generated by org.testng.reporters.JUnitReportReporter -->
<testsuite hostname="DESKTOP-3NTUJ6F" failures="0" tests="1" name="com.workforceScheduler.base.BaseTest" time="13.081" errors="0" timestamp="2025-02-17T21:03:57 IST" skipped="0">
  <testcase classname="com.workforceScheduler.base.BaseTest" name="setUp" time="13.081"/>
  <system-out/>
</testsuite> <!-- com.workforceScheduler.base.BaseTest -->
